<?xml version="1.0" encoding="UTF-8"?>
<testng-results ignored="0" total="1" passed="1" failed="0" skipped="0">
  <reporter-output>
  </reporter-output>
  <suite started-at="2025-06-30T21:40:51 EDT" name="Default suite" finished-at="2025-06-30T21:41:01 EDT" duration-ms="9993">
    <groups>
    </groups>
    <test started-at="2025-06-30T21:40:51 EDT" name="Default test" finished-at="2025-06-30T21:41:01 EDT" duration-ms="9993">
      <class name="com.First.google">
        <test-method signature="launchApp()[pri:0, instance:com.First.google@18df8434]" started-at="2025-06-30T21:40:51 EDT" name="launchApp" finished-at="2025-06-30T21:41:01 EDT" duration-ms="9928" status="PASS">
          <reporter-output>
          </reporter-output>
        </test-method> <!-- launchApp -->
      </class> <!-- com.First.google -->
    </test> <!-- Default test -->
  </suite> <!-- Default suite -->
</testng-results>
