<?xml version="1.0" encoding="UTF-8"?>
<testng-results ignored="0" total="1" passed="1" failed="0" skipped="0">
  <reporter-output>
  </reporter-output>
  <suite started-at="2025-07-01T15:27:45 EDT" name="Default suite" finished-at="2025-07-01T15:27:46 EDT" duration-ms="56">
    <groups>
    </groups>
    <test started-at="2025-07-01T15:27:45 EDT" name="Default test" finished-at="2025-07-01T15:27:46 EDT" duration-ms="56">
      <class name="com.First.MyClass">
        <test-method signature="add()[pri:0, instance:com.First.MyClass@4a883b15]" started-at="2025-07-01T15:27:46 EDT" name="add" finished-at="2025-07-01T15:27:46 EDT" duration-ms="10" status="PASS">
          <reporter-output>
          </reporter-output>
        </test-method> <!-- add -->
      </class> <!-- com.First.MyClass -->
    </test> <!-- Default test -->
  </suite> <!-- Default suite -->
</testng-results>
